mode: set
github.com/reaandrew/capapi/PolicySet.go:3.62,6.16 2 1
github.com/reaandrew/capapi/PolicySet.go:10.2,10.25 1 1
github.com/reaandrew/capapi/PolicySet.go:14.2,14.38 1 1
github.com/reaandrew/capapi/PolicySet.go:21.2,21.14 1 1
github.com/reaandrew/capapi/PolicySet.go:6.16,7.13 1 0
github.com/reaandrew/capapi/PolicySet.go:10.25,12.3 1 1
github.com/reaandrew/capapi/PolicySet.go:14.38,16.39 1 1
github.com/reaandrew/capapi/PolicySet.go:16.39,18.4 1 1
github.com/reaandrew/capapi/main.go:7.13,10.2 1 0
github.com/reaandrew/capapi/ApiSecurityGateway.go:24.68,25.71 1 1
github.com/reaandrew/capapi/ApiSecurityGateway.go:25.71,29.17 3 1
github.com/reaandrew/capapi/ApiSecurityGateway.go:34.3,47.100 9 1
github.com/reaandrew/capapi/ApiSecurityGateway.go:51.3,51.17 1 1
github.com/reaandrew/capapi/ApiSecurityGateway.go:58.3,60.71 2 1
github.com/reaandrew/capapi/ApiSecurityGateway.go:70.3,76.22 5 1
github.com/reaandrew/capapi/ApiSecurityGateway.go:29.17,32.4 2 0
github.com/reaandrew/capapi/ApiSecurityGateway.go:47.100,49.4 1 1
github.com/reaandrew/capapi/ApiSecurityGateway.go:51.17,56.4 4 0
github.com/reaandrew/capapi/ApiSecurityGateway.go:60.71,62.18 2 1
github.com/reaandrew/capapi/ApiSecurityGateway.go:65.4,67.35 3 1
github.com/reaandrew/capapi/ApiSecurityGateway.go:62.18,63.15 1 0
github.com/reaandrew/capapi/ApiSecurityGateway.go:85.65,86.6 1 1
github.com/reaandrew/capapi/ApiSecurityGateway.go:86.6,87.46 1 1
github.com/reaandrew/capapi/ApiSecurityGateway.go:87.46,88.14 1 1
github.com/reaandrew/capapi/ApiSecurityGateway.go:88.14,95.36 4 1
github.com/reaandrew/capapi/ApiSecurityGateway.go:95.36,97.6 1 0
github.com/reaandrew/capapi/ApiSecurityGateway.go:99.4,100.12 1 1
github.com/reaandrew/capapi/HttpProxy.go:17.65,24.35 4 1
github.com/reaandrew/capapi/HttpProxy.go:29.2,38.43 8 1
github.com/reaandrew/capapi/HttpProxy.go:24.35,27.3 2 0
github.com/reaandrew/capapi/HttpProxy.go:41.67,49.2 4 0
github.com/reaandrew/capapi/HttpProxy.go:51.63,54.2 2 0
github.com/reaandrew/capapi/HttpProxy.go:61.89,66.16 4 1
github.com/reaandrew/capapi/HttpProxy.go:71.2,80.38 4 1
github.com/reaandrew/capapi/HttpProxy.go:66.16,69.3 1 0
github.com/reaandrew/capapi/Policy.go:13.61,18.22 3 1
github.com/reaandrew/capapi/Policy.go:22.2,26.35 3 1
github.com/reaandrew/capapi/Policy.go:37.2,37.14 1 1
github.com/reaandrew/capapi/Policy.go:18.22,20.3 1 1
github.com/reaandrew/capapi/Policy.go:26.35,32.25 3 1
github.com/reaandrew/capapi/Policy.go:32.25,34.4 1 1
github.com/reaandrew/capapi/Policy.go:40.65,48.2 5 1
github.com/reaandrew/capapi/Policy.go:50.69,66.2 10 1
github.com/reaandrew/capapi/Policy.go:68.92,69.39 1 1
github.com/reaandrew/capapi/Policy.go:110.2,110.13 1 1
github.com/reaandrew/capapi/Policy.go:69.39,71.47 2 1
github.com/reaandrew/capapi/Policy.go:106.3,106.13 1 1
github.com/reaandrew/capapi/Policy.go:71.47,88.27 11 1
github.com/reaandrew/capapi/Policy.go:88.27,89.32 1 1
github.com/reaandrew/capapi/Policy.go:101.5,101.14 1 1
github.com/reaandrew/capapi/Policy.go:89.32,91.6 1 1
github.com/reaandrew/capapi/Policy.go:91.6,92.46 1 1
github.com/reaandrew/capapi/Policy.go:92.46,96.40 3 1
github.com/reaandrew/capapi/Policy.go:96.40,98.8 1 1
github.com/reaandrew/capapi/Policy.go:101.14,102.11 1 1
github.com/reaandrew/capapi/Policy.go:106.13,108.4 1 1
github.com/reaandrew/capapi/Policy.go:113.63,121.2 5 1
github.com/reaandrew/capapi/Policy.go:123.61,131.2 5 1
github.com/reaandrew/capapi/Policy.go:133.60,136.2 1 1
github.com/reaandrew/capapi/Policy.go:138.59,152.2 6 1
github.com/reaandrew/capapi/Utils.go:8.28,11.16 1 1
github.com/reaandrew/capapi/Utils.go:11.16,12.13 1 0
github.com/reaandrew/capapi/Utils.go:16.64,19.18 2 1
github.com/reaandrew/capapi/Utils.go:23.2,23.41 1 1
github.com/reaandrew/capapi/Utils.go:27.2,29.21 2 1
github.com/reaandrew/capapi/Utils.go:33.2,33.22 1 1
github.com/reaandrew/capapi/Utils.go:19.18,21.3 1 1
github.com/reaandrew/capapi/Utils.go:23.41,25.3 1 1
github.com/reaandrew/capapi/Utils.go:29.21,31.3 1 1
github.com/reaandrew/capapi/capapi.capnp.go:18.60,21.2 2 1
github.com/reaandrew/capapi/capapi.capnp.go:23.64,26.2 2 0
github.com/reaandrew/capapi/capapi.capnp.go:28.67,31.2 2 0
github.com/reaandrew/capapi/capapi.capnp.go:33.38,36.2 2 0
github.com/reaandrew/capapi/capapi.capnp.go:38.45,41.2 2 1
github.com/reaandrew/capapi/capapi.capnp.go:43.37,46.2 2 0
github.com/reaandrew/capapi/capapi.capnp.go:48.50,51.2 2 0
github.com/reaandrew/capapi/capapi.capnp.go:53.46,55.16 2 1
github.com/reaandrew/capapi/capapi.capnp.go:58.2,58.43 1 1
github.com/reaandrew/capapi/capapi.capnp.go:55.16,57.3 1 0
github.com/reaandrew/capapi/capapi.capnp.go:61.45,64.2 2 1
github.com/reaandrew/capapi/capapi.capnp.go:66.37,69.2 2 0
github.com/reaandrew/capapi/capapi.capnp.go:71.50,74.2 2 0
github.com/reaandrew/capapi/capapi.capnp.go:76.46,78.16 2 1
github.com/reaandrew/capapi/capapi.capnp.go:81.2,81.43 1 1
github.com/reaandrew/capapi/capapi.capnp.go:78.16,80.3 1 0
github.com/reaandrew/capapi/capapi.capnp.go:84.55,87.2 2 1
github.com/reaandrew/capapi/capapi.capnp.go:89.40,92.2 2 0
github.com/reaandrew/capapi/capapi.capnp.go:94.56,96.2 1 1
github.com/reaandrew/capapi/capapi.capnp.go:100.65,102.16 2 0
github.com/reaandrew/capapi/capapi.capnp.go:105.2,106.15 2 0
github.com/reaandrew/capapi/capapi.capnp.go:102.16,104.3 1 0
github.com/reaandrew/capapi/capapi.capnp.go:109.53,112.2 2 1
github.com/reaandrew/capapi/capapi.capnp.go:114.38,117.2 2 0
github.com/reaandrew/capapi/capapi.capnp.go:119.54,121.2 1 1
github.com/reaandrew/capapi/capapi.capnp.go:125.63,127.16 2 0
github.com/reaandrew/capapi/capapi.capnp.go:130.2,131.15 2 0
github.com/reaandrew/capapi/capapi.capnp.go:127.16,129.3 1 0
github.com/reaandrew/capapi/capapi.capnp.go:138.80,141.2 2 0
github.com/reaandrew/capapi/capapi.capnp.go:143.49,143.89 1 0
github.com/reaandrew/capapi/capapi.capnp.go:145.59,145.99 1 0
github.com/reaandrew/capapi/capapi.capnp.go:150.60,153.2 2 0
github.com/reaandrew/capapi/capapi.capnp.go:160.54,163.2 2 1
github.com/reaandrew/capapi/capapi.capnp.go:165.58,168.2 2 0
github.com/reaandrew/capapi/capapi.capnp.go:170.61,173.2 2 0
github.com/reaandrew/capapi/capapi.capnp.go:175.35,178.2 2 0
github.com/reaandrew/capapi/capapi.capnp.go:180.41,183.2 2 1
github.com/reaandrew/capapi/capapi.capnp.go:185.33,188.2 2 0
github.com/reaandrew/capapi/capapi.capnp.go:190.46,193.2 2 0
github.com/reaandrew/capapi/capapi.capnp.go:195.42,197.16 2 1
github.com/reaandrew/capapi/capapi.capnp.go:200.2,200.43 1 1
github.com/reaandrew/capapi/capapi.capnp.go:197.16,199.3 1 0
github.com/reaandrew/capapi/capapi.capnp.go:203.43,206.2 2 1
github.com/reaandrew/capapi/capapi.capnp.go:208.35,211.2 2 0
github.com/reaandrew/capapi/capapi.capnp.go:213.48,216.2 2 0
github.com/reaandrew/capapi/capapi.capnp.go:218.44,220.16 2 1
github.com/reaandrew/capapi/capapi.capnp.go:223.2,223.43 1 1
github.com/reaandrew/capapi/capapi.capnp.go:220.16,222.3 1 0
github.com/reaandrew/capapi/capapi.capnp.go:230.74,233.2 2 1
github.com/reaandrew/capapi/capapi.capnp.go:235.43,235.80 1 1
github.com/reaandrew/capapi/capapi.capnp.go:237.53,237.93 1 1
github.com/reaandrew/capapi/capapi.capnp.go:242.54,245.2 2 0
github.com/reaandrew/capapi/capapi.capnp.go:252.62,255.2 2 1
github.com/reaandrew/capapi/capapi.capnp.go:257.66,260.2 2 0
github.com/reaandrew/capapi/capapi.capnp.go:262.69,265.2 2 0
github.com/reaandrew/capapi/capapi.capnp.go:267.39,270.2 2 0
github.com/reaandrew/capapi/capapi.capnp.go:272.46,275.2 2 1
github.com/reaandrew/capapi/capapi.capnp.go:277.38,280.2 2 0
github.com/reaandrew/capapi/capapi.capnp.go:282.51,285.2 2 0
github.com/reaandrew/capapi/capapi.capnp.go:287.47,289.16 2 1
github.com/reaandrew/capapi/capapi.capnp.go:292.2,292.43 1 1
github.com/reaandrew/capapi/capapi.capnp.go:289.16,291.3 1 0
github.com/reaandrew/capapi/capapi.capnp.go:295.39,297.2 1 1
github.com/reaandrew/capapi/capapi.capnp.go:299.43,301.2 1 1
github.com/reaandrew/capapi/capapi.capnp.go:307.82,310.2 2 0
github.com/reaandrew/capapi/capapi.capnp.go:312.51,312.92 1 0
github.com/reaandrew/capapi/capapi.capnp.go:314.61,314.101 1 0
github.com/reaandrew/capapi/capapi.capnp.go:319.62,322.2 2 1
github.com/reaandrew/capapi/capapi.capnp.go:329.66,332.2 2 1
github.com/reaandrew/capapi/capapi.capnp.go:334.70,337.2 2 0
github.com/reaandrew/capapi/capapi.capnp.go:339.73,342.2 2 0
github.com/reaandrew/capapi/capapi.capnp.go:344.41,347.2 2 0
github.com/reaandrew/capapi/capapi.capnp.go:349.47,352.2 2 1
github.com/reaandrew/capapi/capapi.capnp.go:354.39,357.2 2 0
github.com/reaandrew/capapi/capapi.capnp.go:359.52,362.2 2 0
github.com/reaandrew/capapi/capapi.capnp.go:364.48,366.16 2 1
github.com/reaandrew/capapi/capapi.capnp.go:369.2,369.43 1 1
github.com/reaandrew/capapi/capapi.capnp.go:366.16,368.3 1 0
github.com/reaandrew/capapi/capapi.capnp.go:372.58,375.2 2 1
github.com/reaandrew/capapi/capapi.capnp.go:377.42,380.2 2 0
github.com/reaandrew/capapi/capapi.capnp.go:382.59,384.2 1 1
github.com/reaandrew/capapi/capapi.capnp.go:388.68,390.16 2 0
github.com/reaandrew/capapi/capapi.capnp.go:393.2,394.15 2 0
github.com/reaandrew/capapi/capapi.capnp.go:390.16,392.3 1 0
github.com/reaandrew/capapi/capapi.capnp.go:401.86,404.2 2 1
github.com/reaandrew/capapi/capapi.capnp.go:406.55,406.98 1 1
github.com/reaandrew/capapi/capapi.capnp.go:408.65,408.105 1 1
github.com/reaandrew/capapi/capapi.capnp.go:413.66,416.2 2 0
github.com/reaandrew/capapi/capapi.capnp.go:423.50,426.2 2 1
github.com/reaandrew/capapi/capapi.capnp.go:428.54,431.2 2 0
github.com/reaandrew/capapi/capapi.capnp.go:433.57,436.2 2 0
github.com/reaandrew/capapi/capapi.capnp.go:438.33,441.2 2 0
github.com/reaandrew/capapi/capapi.capnp.go:443.40,446.2 2 1
github.com/reaandrew/capapi/capapi.capnp.go:448.32,451.2 2 0
github.com/reaandrew/capapi/capapi.capnp.go:453.45,456.2 2 0
github.com/reaandrew/capapi/capapi.capnp.go:458.41,460.16 2 1
github.com/reaandrew/capapi/capapi.capnp.go:463.2,463.43 1 1
github.com/reaandrew/capapi/capapi.capnp.go:460.16,462.3 1 0
github.com/reaandrew/capapi/capapi.capnp.go:466.49,469.2 2 1
github.com/reaandrew/capapi/capapi.capnp.go:471.33,474.2 2 0
github.com/reaandrew/capapi/capapi.capnp.go:476.50,478.2 1 1
github.com/reaandrew/capapi/capapi.capnp.go:482.59,484.16 2 0
github.com/reaandrew/capapi/capapi.capnp.go:487.2,488.15 2 0
github.com/reaandrew/capapi/capapi.capnp.go:484.16,486.3 1 0
github.com/reaandrew/capapi/capapi.capnp.go:491.56,494.2 2 1
github.com/reaandrew/capapi/capapi.capnp.go:496.35,499.2 2 0
github.com/reaandrew/capapi/capapi.capnp.go:501.57,503.2 1 1
github.com/reaandrew/capapi/capapi.capnp.go:507.66,509.16 2 0
github.com/reaandrew/capapi/capapi.capnp.go:512.2,513.15 2 0
github.com/reaandrew/capapi/capapi.capnp.go:509.16,511.3 1 0
github.com/reaandrew/capapi/capapi.capnp.go:516.54,519.2 2 1
github.com/reaandrew/capapi/capapi.capnp.go:521.33,524.2 2 0
github.com/reaandrew/capapi/capapi.capnp.go:526.55,528.2 1 1
github.com/reaandrew/capapi/capapi.capnp.go:532.64,534.16 2 0
github.com/reaandrew/capapi/capapi.capnp.go:537.2,538.15 2 0
github.com/reaandrew/capapi/capapi.capnp.go:534.16,536.3 1 0
github.com/reaandrew/capapi/capapi.capnp.go:545.70,548.2 2 1
github.com/reaandrew/capapi/capapi.capnp.go:550.39,550.74 1 1
github.com/reaandrew/capapi/capapi.capnp.go:552.49,552.89 1 1
github.com/reaandrew/capapi/capapi.capnp.go:557.50,560.2 2 0
github.com/reaandrew/capapi/capapi.capnp.go:567.56,570.2 2 1
github.com/reaandrew/capapi/capapi.capnp.go:572.60,575.2 2 1
github.com/reaandrew/capapi/capapi.capnp.go:577.63,580.2 2 1
github.com/reaandrew/capapi/capapi.capnp.go:582.36,585.2 2 0
github.com/reaandrew/capapi/capapi.capnp.go:587.52,590.2 2 1
github.com/reaandrew/capapi/capapi.capnp.go:592.39,595.2 2 0
github.com/reaandrew/capapi/capapi.capnp.go:597.53,599.2 1 1
github.com/reaandrew/capapi/capapi.capnp.go:603.62,605.16 2 0
github.com/reaandrew/capapi/capapi.capnp.go:608.2,609.15 2 0
github.com/reaandrew/capapi/capapi.capnp.go:605.16,607.3 1 0
github.com/reaandrew/capapi/capapi.capnp.go:616.76,619.2 2 0
github.com/reaandrew/capapi/capapi.capnp.go:621.45,621.83 1 0
github.com/reaandrew/capapi/capapi.capnp.go:623.55,623.95 1 0
github.com/reaandrew/capapi/capapi.capnp.go:628.56,631.2 2 0
github.com/reaandrew/capapi/capapi.capnp.go:638.50,641.2 2 1
github.com/reaandrew/capapi/capapi.capnp.go:643.54,646.2 2 0
github.com/reaandrew/capapi/capapi.capnp.go:648.57,651.2 2 0
github.com/reaandrew/capapi/capapi.capnp.go:653.33,656.2 2 0
github.com/reaandrew/capapi/capapi.capnp.go:658.41,661.2 2 1
github.com/reaandrew/capapi/capapi.capnp.go:663.33,666.2 2 0
github.com/reaandrew/capapi/capapi.capnp.go:668.46,671.2 2 0
github.com/reaandrew/capapi/capapi.capnp.go:673.42,675.16 2 1
github.com/reaandrew/capapi/capapi.capnp.go:678.2,678.43 1 1
github.com/reaandrew/capapi/capapi.capnp.go:675.16,677.3 1 0
github.com/reaandrew/capapi/capapi.capnp.go:685.70,688.2 2 0
github.com/reaandrew/capapi/capapi.capnp.go:690.39,690.74 1 0
github.com/reaandrew/capapi/capapi.capnp.go:692.49,692.89 1 0
github.com/reaandrew/capapi/capapi.capnp.go:697.50,700.2 2 0
github.com/reaandrew/capapi/capapi.capnp.go:704.190,705.21 1 1
github.com/reaandrew/capapi/capapi.capnp.go:708.2,718.19 2 1
github.com/reaandrew/capapi/capapi.capnp.go:722.2,722.104 1 1
github.com/reaandrew/capapi/capapi.capnp.go:705.21,707.3 1 0
github.com/reaandrew/capapi/capapi.capnp.go:718.19,720.48 2 1
github.com/reaandrew/capapi/capapi.capnp.go:720.48,720.114 1 1
github.com/reaandrew/capapi/capapi.capnp.go:729.82,732.2 2 1
github.com/reaandrew/capapi/capapi.capnp.go:734.99,735.23 1 1
github.com/reaandrew/capapi/capapi.capnp.go:739.2,746.82 1 1
github.com/reaandrew/capapi/capapi.capnp.go:753.2,753.16 1 1
github.com/reaandrew/capapi/capapi.capnp.go:735.23,737.3 1 1
github.com/reaandrew/capapi/capapi.capnp.go:746.82,749.4 2 1
github.com/reaandrew/capapi/capapi.capnp.go:769.110,772.2 2 0
github.com/reaandrew/capapi/capapi.capnp.go:774.114,777.2 2 0
github.com/reaandrew/capapi/capapi.capnp.go:779.117,782.2 2 0
github.com/reaandrew/capapi/capapi.capnp.go:784.63,787.2 2 0
github.com/reaandrew/capapi/capapi.capnp.go:789.69,792.2 2 1
github.com/reaandrew/capapi/capapi.capnp.go:794.61,797.2 2 0
github.com/reaandrew/capapi/capapi.capnp.go:799.70,801.2 1 1
github.com/reaandrew/capapi/capapi.capnp.go:805.72,807.16 2 0
github.com/reaandrew/capapi/capapi.capnp.go:810.2,811.16 2 0
github.com/reaandrew/capapi/capapi.capnp.go:807.16,809.3 1 0
github.com/reaandrew/capapi/capapi.capnp.go:818.130,821.2 2 0
github.com/reaandrew/capapi/capapi.capnp.go:823.99,825.2 1 0
github.com/reaandrew/capapi/capapi.capnp.go:827.109,829.2 1 0
github.com/reaandrew/capapi/capapi.capnp.go:834.110,837.2 2 0
github.com/reaandrew/capapi/capapi.capnp.go:839.76,841.2 1 0
github.com/reaandrew/capapi/capapi.capnp.go:848.112,851.2 2 0
github.com/reaandrew/capapi/capapi.capnp.go:853.116,856.2 2 0
github.com/reaandrew/capapi/capapi.capnp.go:858.119,861.2 2 0
github.com/reaandrew/capapi/capapi.capnp.go:863.64,866.2 2 0
github.com/reaandrew/capapi/capapi.capnp.go:868.66,871.2 2 1
github.com/reaandrew/capapi/capapi.capnp.go:873.64,876.2 2 0
github.com/reaandrew/capapi/capapi.capnp.go:878.76,879.21 1 1
github.com/reaandrew/capapi/capapi.capnp.go:882.2,884.39 3 1
github.com/reaandrew/capapi/capapi.capnp.go:879.21,881.3 1 0
github.com/reaandrew/capapi/capapi.capnp.go:891.132,894.2 2 0
github.com/reaandrew/capapi/capapi.capnp.go:896.101,898.2 1 0
github.com/reaandrew/capapi/capapi.capnp.go:900.111,902.2 1 0
github.com/reaandrew/capapi/capapi.capnp.go:907.112,910.2 2 1
github.com/reaandrew/capapi/capapi.capnp.go:912.74,914.2 1 0
github.com/reaandrew/capapi/capapi.capnp.go:918.154,919.21 1 1
github.com/reaandrew/capapi/capapi.capnp.go:922.2,932.19 2 1
github.com/reaandrew/capapi/capapi.capnp.go:936.2,936.92 1 1
github.com/reaandrew/capapi/capapi.capnp.go:919.21,921.3 1 0
github.com/reaandrew/capapi/capapi.capnp.go:932.19,934.48 2 1
github.com/reaandrew/capapi/capapi.capnp.go:934.48,934.102 1 1
github.com/reaandrew/capapi/capapi.capnp.go:938.157,939.21 1 0
github.com/reaandrew/capapi/capapi.capnp.go:942.2,952.19 2 0
github.com/reaandrew/capapi/capapi.capnp.go:956.2,956.93 1 0
github.com/reaandrew/capapi/capapi.capnp.go:939.21,941.3 1 0
github.com/reaandrew/capapi/capapi.capnp.go:952.19,954.48 2 0
github.com/reaandrew/capapi/capapi.capnp.go:954.48,954.103 1 0
github.com/reaandrew/capapi/capapi.capnp.go:958.151,959.21 1 0
github.com/reaandrew/capapi/capapi.capnp.go:962.2,972.19 2 0
github.com/reaandrew/capapi/capapi.capnp.go:976.2,976.91 1 0
github.com/reaandrew/capapi/capapi.capnp.go:959.21,961.3 1 0
github.com/reaandrew/capapi/capapi.capnp.go:972.19,974.48 2 0
github.com/reaandrew/capapi/capapi.capnp.go:974.48,974.101 1 0
github.com/reaandrew/capapi/capapi.capnp.go:987.61,990.2 2 1
github.com/reaandrew/capapi/capapi.capnp.go:992.85,993.23 1 1
github.com/reaandrew/capapi/capapi.capnp.go:997.2,1004.82 1 1
github.com/reaandrew/capapi/capapi.capnp.go:1011.2,1018.82 1 1
github.com/reaandrew/capapi/capapi.capnp.go:1025.2,1032.82 1 1
github.com/reaandrew/capapi/capapi.capnp.go:1039.2,1039.16 1 1
github.com/reaandrew/capapi/capapi.capnp.go:993.23,995.3 1 1
github.com/reaandrew/capapi/capapi.capnp.go:1004.82,1007.4 2 1
github.com/reaandrew/capapi/capapi.capnp.go:1018.82,1021.4 2 0
github.com/reaandrew/capapi/capapi.capnp.go:1032.82,1035.4 2 0
github.com/reaandrew/capapi/capapi.capnp.go:1071.86,1074.2 2 0
github.com/reaandrew/capapi/capapi.capnp.go:1076.90,1079.2 2 0
github.com/reaandrew/capapi/capapi.capnp.go:1081.93,1084.2 2 0
github.com/reaandrew/capapi/capapi.capnp.go:1086.51,1089.2 2 0
github.com/reaandrew/capapi/capapi.capnp.go:1091.69,1094.2 2 1
github.com/reaandrew/capapi/capapi.capnp.go:1096.56,1099.2 2 0
github.com/reaandrew/capapi/capapi.capnp.go:1101.70,1103.2 1 1
github.com/reaandrew/capapi/capapi.capnp.go:1107.72,1109.16 2 0
github.com/reaandrew/capapi/capapi.capnp.go:1112.2,1113.16 2 0
github.com/reaandrew/capapi/capapi.capnp.go:1109.16,1111.3 1 0
github.com/reaandrew/capapi/capapi.capnp.go:1120.106,1123.2 2 0
github.com/reaandrew/capapi/capapi.capnp.go:1125.75,1127.2 1 0
github.com/reaandrew/capapi/capapi.capnp.go:1129.85,1131.2 1 0
github.com/reaandrew/capapi/capapi.capnp.go:1136.86,1139.2 2 0
github.com/reaandrew/capapi/capapi.capnp.go:1141.76,1143.2 1 0
github.com/reaandrew/capapi/capapi.capnp.go:1150.88,1153.2 2 0
github.com/reaandrew/capapi/capapi.capnp.go:1155.92,1158.2 2 0
github.com/reaandrew/capapi/capapi.capnp.go:1160.95,1163.2 2 0
github.com/reaandrew/capapi/capapi.capnp.go:1165.52,1168.2 2 0
github.com/reaandrew/capapi/capapi.capnp.go:1170.69,1173.2 2 0
github.com/reaandrew/capapi/capapi.capnp.go:1175.55,1178.2 2 0
github.com/reaandrew/capapi/capapi.capnp.go:1180.70,1182.2 1 1
github.com/reaandrew/capapi/capapi.capnp.go:1186.72,1188.16 2 0
github.com/reaandrew/capapi/capapi.capnp.go:1191.2,1192.16 2 0
github.com/reaandrew/capapi/capapi.capnp.go:1188.16,1190.3 1 0
github.com/reaandrew/capapi/capapi.capnp.go:1199.108,1202.2 2 0
github.com/reaandrew/capapi/capapi.capnp.go:1204.77,1206.2 1 0
github.com/reaandrew/capapi/capapi.capnp.go:1208.87,1210.2 1 0
github.com/reaandrew/capapi/capapi.capnp.go:1215.88,1218.2 2 0
github.com/reaandrew/capapi/capapi.capnp.go:1220.76,1222.2 1 1
github.com/reaandrew/capapi/capapi.capnp.go:1229.88,1232.2 2 0
github.com/reaandrew/capapi/capapi.capnp.go:1234.92,1237.2 2 0
github.com/reaandrew/capapi/capapi.capnp.go:1239.95,1242.2 2 0
github.com/reaandrew/capapi/capapi.capnp.go:1244.52,1247.2 2 0
github.com/reaandrew/capapi/capapi.capnp.go:1249.63,1252.2 2 0
github.com/reaandrew/capapi/capapi.capnp.go:1254.52,1257.2 2 0
github.com/reaandrew/capapi/capapi.capnp.go:1259.64,1261.2 1 0
github.com/reaandrew/capapi/capapi.capnp.go:1265.66,1267.16 2 0
github.com/reaandrew/capapi/capapi.capnp.go:1270.2,1271.16 2 0
github.com/reaandrew/capapi/capapi.capnp.go:1267.16,1269.3 1 0
github.com/reaandrew/capapi/capapi.capnp.go:1278.108,1281.2 2 0
github.com/reaandrew/capapi/capapi.capnp.go:1283.77,1285.2 1 0
github.com/reaandrew/capapi/capapi.capnp.go:1287.87,1289.2 1 0
github.com/reaandrew/capapi/capapi.capnp.go:1294.88,1297.2 2 0
github.com/reaandrew/capapi/capapi.capnp.go:1299.70,1301.2 1 0
github.com/reaandrew/capapi/capapi.capnp.go:1308.90,1311.2 2 0
github.com/reaandrew/capapi/capapi.capnp.go:1313.94,1316.2 2 0
github.com/reaandrew/capapi/capapi.capnp.go:1318.97,1321.2 2 0
github.com/reaandrew/capapi/capapi.capnp.go:1323.53,1326.2 2 0
github.com/reaandrew/capapi/capapi.capnp.go:1328.59,1331.2 2 0
github.com/reaandrew/capapi/capapi.capnp.go:1333.51,1336.2 2 0
github.com/reaandrew/capapi/capapi.capnp.go:1338.60,1340.2 1 0
github.com/reaandrew/capapi/capapi.capnp.go:1344.62,1346.16 2 0
github.com/reaandrew/capapi/capapi.capnp.go:1349.2,1350.16 2 0
github.com/reaandrew/capapi/capapi.capnp.go:1346.16,1348.3 1 0
github.com/reaandrew/capapi/capapi.capnp.go:1357.110,1360.2 2 0
github.com/reaandrew/capapi/capapi.capnp.go:1362.79,1364.2 1 0
github.com/reaandrew/capapi/capapi.capnp.go:1366.89,1368.2 1 0
github.com/reaandrew/capapi/capapi.capnp.go:1373.90,1376.2 2 0
github.com/reaandrew/capapi/capapi.capnp.go:1378.66,1380.2 1 0
github.com/reaandrew/capapi/capapi.capnp.go:1387.84,1390.2 2 0
github.com/reaandrew/capapi/capapi.capnp.go:1392.88,1395.2 2 0
github.com/reaandrew/capapi/capapi.capnp.go:1397.91,1400.2 2 0
github.com/reaandrew/capapi/capapi.capnp.go:1402.50,1405.2 2 0
github.com/reaandrew/capapi/capapi.capnp.go:1411.104,1414.2 2 0
github.com/reaandrew/capapi/capapi.capnp.go:1416.73,1418.2 1 0
github.com/reaandrew/capapi/capapi.capnp.go:1420.83,1422.2 1 0
github.com/reaandrew/capapi/capapi.capnp.go:1427.84,1430.2 2 0
github.com/reaandrew/capapi/capapi.capnp.go:1437.86,1440.2 2 0
github.com/reaandrew/capapi/capapi.capnp.go:1442.90,1445.2 2 0
github.com/reaandrew/capapi/capapi.capnp.go:1447.93,1450.2 2 0
github.com/reaandrew/capapi/capapi.capnp.go:1452.51,1455.2 2 0
github.com/reaandrew/capapi/capapi.capnp.go:1457.49,1459.2 1 0
github.com/reaandrew/capapi/capapi.capnp.go:1461.53,1463.2 1 0
github.com/reaandrew/capapi/capapi.capnp.go:1469.106,1472.2 2 0
github.com/reaandrew/capapi/capapi.capnp.go:1474.75,1476.2 1 0
github.com/reaandrew/capapi/capapi.capnp.go:1478.85,1480.2 1 0
github.com/reaandrew/capapi/capapi.capnp.go:1485.86,1488.2 2 0
github.com/reaandrew/capapi/capapi.capnp.go:1562.13,1581.2 1 1
github.com/reaandrew/capapi/KeyStore.go:12.65,14.2 1 1
github.com/reaandrew/capapi/KeyStore.go:16.67,17.38 1 1
github.com/reaandrew/capapi/KeyStore.go:20.2,20.32 1 1
github.com/reaandrew/capapi/KeyStore.go:17.38,19.3 1 1
